#! /usr/local/bin/vvp
:ivl_version "13.0 (devel)" "(s20221226-126-gb210eb826)";
:ivl_delay_selection "TYPICAL";
:vpi_time_precision + 0;
:vpi_module "/usr/local/lib/ivl/system.vpi";
:vpi_module "/usr/local/lib/ivl/vhdl_sys.vpi";
:vpi_module "/usr/local/lib/ivl/vhdl_textio.vpi";
:vpi_module "/usr/local/lib/ivl/v2005_math.vpi";
:vpi_module "/usr/local/lib/ivl/va_math.vpi";
S_0x555d163e5eb0 .scope module, "top" "top" 2 1;
 .timescale 0 0;
    .port_info 0 /INPUT 1 "clk12MHz";
    .port_info 1 /INPUT 1 "key1";
    .port_info 2 /OUTPUT 1 "led1";
    .port_info 3 /OUTPUT 1 "led2";
    .port_info 4 /OUTPUT 1 "led3";
    .port_info 5 /OUTPUT 1 "led4";
    .port_info 6 /OUTPUT 1 "led5";
    .port_info 7 /OUTPUT 1 "led6";
    .port_info 8 /OUTPUT 1 "led7";
    .port_info 9 /OUTPUT 1 "led8";
    .port_info 10 /OUTPUT 1 "lcol1";
    .port_info 11 /OUTPUT 1 "lcol2";
    .port_info 12 /OUTPUT 1 "lcol3";
    .port_info 13 /OUTPUT 1 "lcol4";
v0x555d163e61c0_0 .net *"_ivl_10", 7 0, v0x555d1640eef0_0;  1 drivers
v0x555d1640e090_0 .net *"_ivl_17", 3 0, v0x555d1640e210_0;  1 drivers
o0x7f513c4e8078 .functor BUFZ 1, C4<z>; HiZ drive
v0x555d1640e170_0 .net "clk12MHz", 0 0, o0x7f513c4e8078;  0 drivers
v0x555d1640e210_0 .var "column_leds", 3 0;
v0x555d1640e2f0_0 .var "counter", 32 0;
o0x7f513c4e8108 .functor BUFZ 1, C4<z>; HiZ drive
v0x555d1640e420_0 .net "key1", 0 0, o0x7f513c4e8108;  0 drivers
v0x555d1640e4e0_0 .net "lcol1", 0 0, L_0x555d1640ff10;  1 drivers
v0x555d1640e5a0_0 .net "lcol2", 0 0, L_0x555d1640fe70;  1 drivers
v0x555d1640e660_0 .net "lcol3", 0 0, L_0x555d1640fd40;  1 drivers
v0x555d1640e720_0 .net "lcol4", 0 0, L_0x555d1640fc40;  1 drivers
v0x555d1640e7e0_0 .net "led1", 0 0, L_0x555d1640f970;  1 drivers
v0x555d1640e8a0_0 .net "led2", 0 0, L_0x555d1640f8d0;  1 drivers
v0x555d1640e960_0 .net "led3", 0 0, L_0x555d1640f7c0;  1 drivers
v0x555d1640ea20_0 .net "led4", 0 0, L_0x555d1640f6f0;  1 drivers
v0x555d1640eae0_0 .net "led5", 0 0, L_0x555d1640f5f0;  1 drivers
v0x555d1640eba0_0 .net "led6", 0 0, L_0x555d1640f550;  1 drivers
v0x555d1640ec60_0 .net "led7", 0 0, L_0x555d1640f480;  1 drivers
v0x555d1640ee30_0 .net "led8", 0 0, L_0x555d1640f3b0;  1 drivers
v0x555d1640eef0_0 .var "line_leds", 7 0;
v0x555d1640efd0_0 .var "signal", 0 0;
v0x555d1640f090_0 .var "states", 1 0;
E_0x555d163f6d00 .event posedge, v0x555d1640efd0_0;
E_0x555d163f7290 .event posedge, v0x555d1640e170_0;
L_0x555d1640f3b0 .part v0x555d1640eef0_0, 7, 1;
L_0x555d1640f480 .part v0x555d1640eef0_0, 6, 1;
L_0x555d1640f550 .part v0x555d1640eef0_0, 5, 1;
L_0x555d1640f5f0 .part v0x555d1640eef0_0, 4, 1;
L_0x555d1640f6f0 .part v0x555d1640eef0_0, 3, 1;
L_0x555d1640f7c0 .part v0x555d1640eef0_0, 2, 1;
L_0x555d1640f8d0 .part v0x555d1640eef0_0, 1, 1;
L_0x555d1640f970 .part v0x555d1640eef0_0, 0, 1;
L_0x555d1640fc40 .part v0x555d1640e210_0, 3, 1;
L_0x555d1640fd40 .part v0x555d1640e210_0, 2, 1;
L_0x555d1640fe70 .part v0x555d1640e210_0, 1, 1;
L_0x555d1640ff10 .part v0x555d1640e210_0, 0, 1;
    .scope S_0x555d163e5eb0;
T_0 ;
    %pushi/vec4 0, 0, 2;
    %store/vec4 v0x555d1640f090_0, 0, 2;
    %end;
    .thread T_0;
    .scope S_0x555d163e5eb0;
T_1 ;
    %wait E_0x555d163f7290;
    %load/vec4 v0x555d1640e2f0_0;
    %addi 1, 0, 33;
    %assign/vec4 v0x555d1640e2f0_0, 0;
    %load/vec4 v0x555d1640e2f0_0;
    %parti/s 25, 0, 2;
    %dup/vec4;
    %pushi/vec4 12000000, 0, 25;
    %cmp/u;
    %jmp/1 T_1.0, 6;
    %jmp T_1.1;
T_1.0 ;
    %pushi/vec4 0, 0, 33;
    %assign/vec4 v0x555d1640e2f0_0, 0;
    %load/vec4 v0x555d1640efd0_0;
    %inv;
    %assign/vec4 v0x555d1640efd0_0, 0;
    %jmp T_1.1;
T_1.1 ;
    %pop/vec4 1;
    %jmp T_1;
    .thread T_1;
    .scope S_0x555d163e5eb0;
T_2 ;
    %wait E_0x555d163f6d00;
    %load/vec4 v0x555d1640f090_0;
    %dup/vec4;
    %pushi/vec4 0, 0, 2;
    %cmp/u;
    %jmp/1 T_2.0, 6;
    %dup/vec4;
    %pushi/vec4 1, 0, 2;
    %cmp/u;
    %jmp/1 T_2.1, 6;
    %dup/vec4;
    %pushi/vec4 2, 0, 2;
    %cmp/u;
    %jmp/1 T_2.2, 6;
    %dup/vec4;
    %pushi/vec4 3, 0, 2;
    %cmp/u;
    %jmp/1 T_2.3, 6;
    %jmp T_2.4;
T_2.0 ;
    %pushi/vec4 14, 0, 4;
    %assign/vec4 v0x555d1640e210_0, 0;
    %pushi/vec4 240, 0, 8;
    %assign/vec4 v0x555d1640eef0_0, 0;
    %pushi/vec4 1, 0, 2;
    %assign/vec4 v0x555d1640f090_0, 0;
    %jmp T_2.4;
T_2.1 ;
    %pushi/vec4 13, 0, 4;
    %assign/vec4 v0x555d1640e210_0, 0;
    %pushi/vec4 15, 0, 8;
    %assign/vec4 v0x555d1640eef0_0, 0;
    %pushi/vec4 2, 0, 2;
    %assign/vec4 v0x555d1640f090_0, 0;
    %jmp T_2.4;
T_2.2 ;
    %pushi/vec4 11, 0, 4;
    %assign/vec4 v0x555d1640e210_0, 0;
    %pushi/vec4 170, 0, 8;
    %assign/vec4 v0x555d1640eef0_0, 0;
    %pushi/vec4 3, 0, 2;
    %assign/vec4 v0x555d1640f090_0, 0;
    %jmp T_2.4;
T_2.3 ;
    %pushi/vec4 7, 0, 4;
    %assign/vec4 v0x555d1640e210_0, 0;
    %pushi/vec4 85, 0, 8;
    %assign/vec4 v0x555d1640eef0_0, 0;
    %pushi/vec4 0, 0, 2;
    %assign/vec4 v0x555d1640f090_0, 0;
    %jmp T_2.4;
T_2.4 ;
    %pop/vec4 1;
    %jmp T_2;
    .thread T_2;
# The file index is used to find the file name in the following table.
:file_names 3;
    "N/A";
    "<interactive>";
    "led_display.v";
