#! /usr/local/bin/vvp
:ivl_version "13.0 (devel)" "(s20221226-126-gb210eb826)";
:ivl_delay_selection "TYPICAL";
:vpi_time_precision + 0;
:vpi_module "/usr/local/lib/ivl/system.vpi";
:vpi_module "/usr/local/lib/ivl/vhdl_sys.vpi";
:vpi_module "/usr/local/lib/ivl/vhdl_textio.vpi";
:vpi_module "/usr/local/lib/ivl/v2005_math.vpi";
:vpi_module "/usr/local/lib/ivl/va_math.vpi";
S_0x55fa3132dde0 .scope module, "top" "top" 2 3;
 .timescale 0 0;
    .port_info 0 /INPUT 1 "clk12MHz";
    .port_info 1 /INPUT 1 "key1";
    .port_info 2 /OUTPUT 1 "led1";
    .port_info 3 /OUTPUT 1 "led2";
    .port_info 4 /OUTPUT 1 "led3";
    .port_info 5 /OUTPUT 1 "led4";
    .port_info 6 /OUTPUT 1 "led5";
    .port_info 7 /OUTPUT 1 "led6";
    .port_info 8 /OUTPUT 1 "led7";
    .port_info 9 /OUTPUT 1 "led8";
    .port_info 10 /OUTPUT 1 "lcol1";
    .port_info 11 /OUTPUT 1 "lcol2";
    .port_info 12 /OUTPUT 1 "lcol3";
    .port_info 13 /OUTPUT 1 "lcol4";
L_0x55fa31359500 .functor BUFZ 8, v0x55fa313929a0_0, C4<00000000>, C4<00000000>, C4<00000000>;
L_0x55fa31394fa0 .functor BUFZ 4, v0x55fa31392450_0, C4<0000>, C4<0000>, C4<0000>;
v0x55fa31392d40_0 .net *"_ivl_10", 7 0, L_0x55fa31359500;  1 drivers
v0x55fa31392e40_0 .net *"_ivl_17", 3 0, L_0x55fa31394fa0;  1 drivers
o0x7fa36f8b6018 .functor BUFZ 1, C4<z>; HiZ drive
v0x55fa31392f20_0 .net "clk12MHz", 0 0, o0x7fa36f8b6018;  0 drivers
v0x55fa31392fc0_0 .net "column_leds", 3 0, v0x55fa31392450_0;  1 drivers
v0x55fa31393060_0 .net "debug", 0 0, v0x55fa31391a50_0;  1 drivers
o0x7fa36f8b60d8 .functor BUFZ 1, C4<z>; HiZ drive
v0x55fa31393150_0 .net "key1", 0 0, o0x7fa36f8b60d8;  0 drivers
v0x55fa313931f0_0 .var "l1", 7 0;
v0x55fa31393290_0 .var "l2", 7 0;
v0x55fa31393360_0 .var "l3", 7 0;
v0x55fa313934c0_0 .var "l4", 7 0;
v0x55fa31393590_0 .net "lcol1", 0 0, L_0x55fa31394e60;  1 drivers
v0x55fa31393630_0 .net "lcol2", 0 0, L_0x55fa31394dc0;  1 drivers
v0x55fa313936d0_0 .net "lcol3", 0 0, L_0x55fa31394c40;  1 drivers
v0x55fa31393770_0 .net "lcol4", 0 0, L_0x55fa31394b70;  1 drivers
v0x55fa31393830_0 .net "led1", 0 0, L_0x55fa31394940;  1 drivers
v0x55fa313938f0_0 .net "led2", 0 0, L_0x55fa313948a0;  1 drivers
v0x55fa313939b0_0 .net "led3", 0 0, L_0x55fa31394790;  1 drivers
v0x55fa31393b80_0 .net "led4", 0 0, L_0x55fa313946c0;  1 drivers
v0x55fa31393c40_0 .net "led5", 0 0, L_0x55fa313945c0;  1 drivers
v0x55fa31393d00_0 .net "led6", 0 0, L_0x55fa31394520;  1 drivers
v0x55fa31393dc0_0 .net "led7", 0 0, L_0x55fa31394450;  1 drivers
v0x55fa31393e80_0 .net "led8", 0 0, L_0x55fa31394350;  1 drivers
v0x55fa31393f40_0 .net "line_leds", 7 0, v0x55fa313929a0_0;  1 drivers
v0x55fa31394030_0 .net "sck", 0 0, v0x55fa31391da0_0;  1 drivers
v0x55fa31394100_0 .net "states", 2 0, L_0x55fa31395010;  1 drivers
E_0x55fa313736a0 .event anyedge, v0x55fa31391f40_0, v0x55fa31391da0_0, v0x55fa31391a50_0;
L_0x55fa31394350 .part L_0x55fa31359500, 7, 1;
L_0x55fa31394450 .part L_0x55fa31359500, 6, 1;
L_0x55fa31394520 .part L_0x55fa31359500, 5, 1;
L_0x55fa313945c0 .part L_0x55fa31359500, 4, 1;
L_0x55fa313946c0 .part L_0x55fa31359500, 3, 1;
L_0x55fa31394790 .part L_0x55fa31359500, 2, 1;
L_0x55fa313948a0 .part L_0x55fa31359500, 1, 1;
L_0x55fa31394940 .part L_0x55fa31359500, 0, 1;
L_0x55fa31394b70 .part L_0x55fa31394fa0, 3, 1;
L_0x55fa31394c40 .part L_0x55fa31394fa0, 2, 1;
L_0x55fa31394dc0 .part L_0x55fa31394fa0, 1, 1;
L_0x55fa31394e60 .part L_0x55fa31394fa0, 0, 1;
S_0x55fa3136be70 .scope module, "automat" "automat" 2 35, 2 48 0, S_0x55fa3132dde0;
 .timescale 0 0;
    .port_info 0 /INPUT 1 "clk12MHz";
    .port_info 1 /INPUT 1 "key1";
    .port_info 2 /OUTPUT 3 "states";
    .port_info 3 /OUTPUT 1 "sck";
    .port_info 4 /OUTPUT 1 "debug";
L_0x55fa31395010 .functor BUFZ 3, v0x55fa31391bb0_0, C4<000>, C4<000>, C4<000>;
v0x55fa31359610_0 .net "clk12MHz", 0 0, o0x7fa36f8b6018;  alias, 0 drivers
v0x55fa31391a50_0 .var "debug", 0 0;
v0x55fa31391b10_0 .var "go", 0 0;
v0x55fa31391bb0_0 .var "internal_states", 2 0;
v0x55fa31391c90_0 .net "key1", 0 0, o0x7fa36f8b60d8;  alias, 0 drivers
v0x55fa31391da0_0 .var "sck", 0 0;
v0x55fa31391e60_0 .var "sck_counter", 31 0;
v0x55fa31391f40_0 .net "states", 2 0, L_0x55fa31395010;  alias, 1 drivers
E_0x55fa31373de0 .event negedge, v0x55fa31391c90_0;
E_0x55fa31374610 .event posedge, v0x55fa31391b10_0;
E_0x55fa31373ab0 .event posedge, v0x55fa31359610_0;
S_0x55fa313920c0 .scope module, "led_driver" "led_driver" 2 33, 3 1 0, S_0x55fa3132dde0;
 .timescale 0 0;
    .port_info 0 /INPUT 1 "clk12MHz";
    .port_info 1 /INPUT 8 "l1";
    .port_info 2 /INPUT 8 "l2";
    .port_info 3 /INPUT 8 "l3";
    .port_info 4 /INPUT 8 "l4";
    .port_info 5 /OUTPUT 8 "line_leds";
    .port_info 6 /OUTPUT 4 "column_leds";
v0x55fa31392390_0 .net "clk12MHz", 0 0, o0x7fa36f8b6018;  alias, 0 drivers
v0x55fa31392450_0 .var "column_leds", 3 0;
v0x55fa31392510_0 .var "counter", 31 0;
v0x55fa313925d0_0 .net "l1", 7 0, v0x55fa313931f0_0;  1 drivers
v0x55fa313926b0_0 .net "l2", 7 0, v0x55fa31393290_0;  1 drivers
v0x55fa313927e0_0 .net "l3", 7 0, v0x55fa31393360_0;  1 drivers
v0x55fa313928c0_0 .net "l4", 7 0, v0x55fa313934c0_0;  1 drivers
v0x55fa313929a0_0 .var "line_leds", 7 0;
v0x55fa31392a80_0 .var "signal", 0 0;
v0x55fa31392b40_0 .var "states", 1 0;
E_0x55fa3135de90 .event posedge, v0x55fa31392a80_0;
    .scope S_0x55fa313920c0;
T_0 ;
    %pushi/vec4 0, 0, 2;
    %store/vec4 v0x55fa31392b40_0, 0, 2;
    %pushi/vec4 0, 0, 32;
    %store/vec4 v0x55fa31392510_0, 0, 32;
    %end;
    .thread T_0;
    .scope S_0x55fa313920c0;
T_1 ;
    %wait E_0x55fa31373ab0;
    %load/vec4 v0x55fa31392510_0;
    %addi 1, 0, 32;
    %assign/vec4 v0x55fa31392510_0, 0;
    %load/vec4 v0x55fa31392510_0;
    %parti/s 1, 10, 5;
    %assign/vec4 v0x55fa31392a80_0, 0;
    %jmp T_1;
    .thread T_1;
    .scope S_0x55fa313920c0;
T_2 ;
    %wait E_0x55fa3135de90;
    %load/vec4 v0x55fa31392b40_0;
    %dup/vec4;
    %pushi/vec4 0, 0, 2;
    %cmp/u;
    %jmp/1 T_2.0, 6;
    %dup/vec4;
    %pushi/vec4 1, 0, 2;
    %cmp/u;
    %jmp/1 T_2.1, 6;
    %dup/vec4;
    %pushi/vec4 2, 0, 2;
    %cmp/u;
    %jmp/1 T_2.2, 6;
    %dup/vec4;
    %pushi/vec4 3, 0, 2;
    %cmp/u;
    %jmp/1 T_2.3, 6;
    %jmp T_2.4;
T_2.0 ;
    %pushi/vec4 14, 0, 4;
    %assign/vec4 v0x55fa31392450_0, 0;
    %load/vec4 v0x55fa313925d0_0;
    %assign/vec4 v0x55fa313929a0_0, 0;
    %pushi/vec4 1, 0, 2;
    %assign/vec4 v0x55fa31392b40_0, 0;
    %jmp T_2.4;
T_2.1 ;
    %pushi/vec4 13, 0, 4;
    %assign/vec4 v0x55fa31392450_0, 0;
    %load/vec4 v0x55fa313926b0_0;
    %assign/vec4 v0x55fa313929a0_0, 0;
    %pushi/vec4 2, 0, 2;
    %assign/vec4 v0x55fa31392b40_0, 0;
    %jmp T_2.4;
T_2.2 ;
    %pushi/vec4 11, 0, 4;
    %assign/vec4 v0x55fa31392450_0, 0;
    %load/vec4 v0x55fa313927e0_0;
    %assign/vec4 v0x55fa313929a0_0, 0;
    %pushi/vec4 3, 0, 2;
    %assign/vec4 v0x55fa31392b40_0, 0;
    %jmp T_2.4;
T_2.3 ;
    %pushi/vec4 7, 0, 4;
    %assign/vec4 v0x55fa31392450_0, 0;
    %load/vec4 v0x55fa313928c0_0;
    %assign/vec4 v0x55fa313929a0_0, 0;
    %pushi/vec4 0, 0, 2;
    %assign/vec4 v0x55fa31392b40_0, 0;
    %jmp T_2.4;
T_2.4 ;
    %pop/vec4 1;
    %jmp T_2;
    .thread T_2;
    .scope S_0x55fa3136be70;
T_3 ;
    %pushi/vec4 0, 0, 32;
    %store/vec4 v0x55fa31391e60_0, 0, 32;
    %pushi/vec4 0, 0, 3;
    %store/vec4 v0x55fa31391bb0_0, 0, 3;
    %end;
    .thread T_3;
    .scope S_0x55fa3136be70;
T_4 ;
    %wait E_0x55fa31373ab0;
    %load/vec4 v0x55fa31391e60_0;
    %addi 1, 0, 32;
    %assign/vec4 v0x55fa31391e60_0, 0;
    %load/vec4 v0x55fa31391e60_0;
    %parti/s 1, 24, 6;
    %assign/vec4 v0x55fa31391da0_0, 0;
    %load/vec4 v0x55fa31391da0_0;
    %dup/vec4;
    %pushi/vec4 0, 0, 1;
    %cmp/u;
    %jmp/1 T_4.0, 6;
    %dup/vec4;
    %pushi/vec4 1, 0, 1;
    %cmp/u;
    %jmp/1 T_4.1, 6;
    %jmp T_4.2;
T_4.0 ;
    %load/vec4 v0x55fa31391bb0_0;
    %dup/vec4;
    %pushi/vec4 0, 0, 3;
    %cmp/u;
    %jmp/1 T_4.3, 6;
    %dup/vec4;
    %pushi/vec4 1, 0, 3;
    %cmp/u;
    %jmp/1 T_4.4, 6;
    %dup/vec4;
    %pushi/vec4 3, 0, 3;
    %cmp/u;
    %jmp/1 T_4.5, 6;
    %dup/vec4;
    %pushi/vec4 5, 0, 3;
    %cmp/u;
    %jmp/1 T_4.6, 6;
    %dup/vec4;
    %pushi/vec4 7, 0, 3;
    %cmp/u;
    %jmp/1 T_4.7, 6;
    %jmp T_4.8;
T_4.3 ;
    %pushi/vec4 1, 0, 3;
    %assign/vec4 v0x55fa31391bb0_0, 0;
    %jmp T_4.8;
T_4.4 ;
    %pushi/vec4 2, 0, 3;
    %assign/vec4 v0x55fa31391bb0_0, 0;
    %jmp T_4.8;
T_4.5 ;
    %pushi/vec4 4, 0, 3;
    %assign/vec4 v0x55fa31391bb0_0, 0;
    %jmp T_4.8;
T_4.6 ;
    %pushi/vec4 6, 0, 3;
    %assign/vec4 v0x55fa31391bb0_0, 0;
    %jmp T_4.8;
T_4.7 ;
    %pushi/vec4 0, 0, 1;
    %assign/vec4 v0x55fa31391b10_0, 0;
    %jmp T_4.8;
T_4.8 ;
    %pop/vec4 1;
    %jmp T_4.2;
T_4.1 ;
    %load/vec4 v0x55fa31391bb0_0;
    %dup/vec4;
    %pushi/vec4 2, 0, 3;
    %cmp/u;
    %jmp/1 T_4.9, 6;
    %dup/vec4;
    %pushi/vec4 4, 0, 3;
    %cmp/u;
    %jmp/1 T_4.10, 6;
    %dup/vec4;
    %pushi/vec4 6, 0, 3;
    %cmp/u;
    %jmp/1 T_4.11, 6;
    %jmp T_4.12;
T_4.9 ;
    %pushi/vec4 3, 0, 3;
    %assign/vec4 v0x55fa31391bb0_0, 0;
    %jmp T_4.12;
T_4.10 ;
    %pushi/vec4 5, 0, 3;
    %assign/vec4 v0x55fa31391bb0_0, 0;
    %jmp T_4.12;
T_4.11 ;
    %pushi/vec4 7, 0, 3;
    %assign/vec4 v0x55fa31391bb0_0, 0;
    %jmp T_4.12;
T_4.12 ;
    %pop/vec4 1;
    %jmp T_4.2;
T_4.2 ;
    %pop/vec4 1;
    %jmp T_4;
    .thread T_4;
    .scope S_0x55fa3136be70;
T_5 ;
    %wait E_0x55fa31374610;
    %pushi/vec4 0, 0, 3;
    %assign/vec4 v0x55fa31391bb0_0, 0;
    %jmp T_5;
    .thread T_5;
    .scope S_0x55fa3136be70;
T_6 ;
    %wait E_0x55fa31373de0;
    %pushi/vec4 1, 0, 1;
    %assign/vec4 v0x55fa31391b10_0, 0;
    %jmp T_6;
    .thread T_6;
    .scope S_0x55fa3132dde0;
T_7 ;
    %pushi/vec4 255, 0, 8;
    %store/vec4 v0x55fa313931f0_0, 0, 8;
    %pushi/vec4 255, 0, 8;
    %store/vec4 v0x55fa31393290_0, 0, 8;
    %pushi/vec4 255, 0, 8;
    %store/vec4 v0x55fa31393360_0, 0, 8;
    %pushi/vec4 255, 0, 8;
    %store/vec4 v0x55fa313934c0_0, 0, 8;
    %end;
    .thread T_7;
    .scope S_0x55fa3132dde0;
T_8 ;
    %wait E_0x55fa313736a0;
    %load/vec4 v0x55fa31394100_0;
    %ix/load 4, 0, 0;
    %ix/load 5, 0, 0;
    %flag_set/imm 4, 0;
    %assign/vec4/off/d v0x55fa313931f0_0, 4, 5;
    %load/vec4 v0x55fa31394030_0;
    %ix/load 4, 7, 0;
    %ix/load 5, 0, 0;
    %flag_set/imm 4, 0;
    %assign/vec4/off/d v0x55fa313931f0_0, 4, 5;
    %load/vec4 v0x55fa31393060_0;
    %ix/load 4, 5, 0;
    %ix/load 5, 0, 0;
    %flag_set/imm 4, 0;
    %assign/vec4/off/d v0x55fa313931f0_0, 4, 5;
    %jmp T_8;
    .thread T_8, $push;
# The file index is used to find the file name in the following table.
:file_names 4;
    "N/A";
    "<interactive>";
    "automat.v";
    "./../lib/led_driver.v";
