#! /usr/local/bin/vvp
:ivl_version "13.0 (devel)" "(s20221226-126-gb210eb826)";
:ivl_delay_selection "TYPICAL";
:vpi_time_precision + 0;
:vpi_module "/usr/local/lib/ivl/system.vpi";
:vpi_module "/usr/local/lib/ivl/vhdl_sys.vpi";
:vpi_module "/usr/local/lib/ivl/vhdl_textio.vpi";
:vpi_module "/usr/local/lib/ivl/v2005_math.vpi";
:vpi_module "/usr/local/lib/ivl/va_math.vpi";
S_0x563f215b1800 .scope module, "spi_msg" "spi_msg" 2 1;
 .timescale 0 0;
    .port_info 0 /INPUT 1 "clk12MHz";
    .port_info 1 /INPUT 1 "sdi";
    .port_info 2 /INPUT 1 "go";
    .port_info 3 /OUTPUT 1 "sck";
    .port_info 4 /OUTPUT 1 "sdo";
    .port_info 5 /OUTPUT 1 "csb";
    .port_info 6 /OUTPUT 16 "recv_message";
o0x7f6d32836018 .functor BUFZ 1, C4<z>; HiZ drive
v0x563f215b1aa0_0 .net "clk12MHz", 0 0, o0x7f6d32836018;  0 drivers
v0x563f215daca0_0 .var "csb", 0 0;
o0x7f6d32836078 .functor BUFZ 1, C4<z>; HiZ drive
v0x563f215dad60_0 .net "go", 0 0, o0x7f6d32836078;  0 drivers
v0x563f215dae00_0 .var "msg_bit_counter", 3 0;
v0x563f215daee0_0 .var "recv_message", 15 0;
v0x563f215db010_0 .var "recv_msg_bit_counter", 3 0;
v0x563f215db0f0_0 .var "reg_address", 7 0;
v0x563f215db1d0_0 .var "sck", 0 0;
v0x563f215db290_0 .var "sck_counter", 32 0;
o0x7f6d328361c8 .functor BUFZ 1, C4<z>; HiZ drive
v0x563f215db370_0 .net "sdi", 0 0, o0x7f6d328361c8;  0 drivers
v0x563f215db430_0 .var "sdo", 0 0;
v0x563f215db4f0_0 .var "states", 2 0;
E_0x563f215c2b70 .event negedge, v0x563f215db1d0_0;
E_0x563f215c23c0 .event posedge, v0x563f215db1d0_0;
E_0x563f215ac920 .event posedge, v0x563f215b1aa0_0;
    .scope S_0x563f215b1800;
T_0 ;
    %pushi/vec4 4, 0, 3;
    %store/vec4 v0x563f215db4f0_0, 0, 3;
    %pushi/vec4 0, 0, 4;
    %store/vec4 v0x563f215dae00_0, 0, 4;
    %pushi/vec4 0, 0, 4;
    %store/vec4 v0x563f215db010_0, 0, 4;
    %pushi/vec4 250, 0, 8;
    %store/vec4 v0x563f215db0f0_0, 0, 8;
    %end;
    .thread T_0;
    .scope S_0x563f215b1800;
T_1 ;
    %wait E_0x563f215ac920;
    %load/vec4 v0x563f215db290_0;
    %addi 1, 0, 33;
    %assign/vec4 v0x563f215db290_0, 0;
    %load/vec4 v0x563f215db290_0;
    %parti/s 1, 1, 2;
    %dup/vec4;
    %pushi/vec4 1, 0, 1;
    %cmp/u;
    %jmp/1 T_1.0, 6;
    %jmp T_1.1;
T_1.0 ;
    %load/vec4 v0x563f215db1d0_0;
    %inv;
    %assign/vec4 v0x563f215db1d0_0, 0;
    %jmp T_1.1;
T_1.1 ;
    %pop/vec4 1;
    %jmp T_1;
    .thread T_1;
    .scope S_0x563f215b1800;
T_2 ;
    %wait E_0x563f215c23c0;
    %load/vec4 v0x563f215db4f0_0;
    %dup/vec4;
    %pushi/vec4 0, 0, 3;
    %cmp/u;
    %jmp/1 T_2.0, 6;
    %dup/vec4;
    %pushi/vec4 1, 0, 3;
    %cmp/u;
    %jmp/1 T_2.1, 6;
    %dup/vec4;
    %pushi/vec4 2, 0, 3;
    %cmp/u;
    %jmp/1 T_2.2, 6;
    %dup/vec4;
    %pushi/vec4 3, 0, 3;
    %cmp/u;
    %jmp/1 T_2.3, 6;
    %dup/vec4;
    %pushi/vec4 4, 0, 3;
    %cmp/u;
    %jmp/1 T_2.4, 6;
    %jmp T_2.5;
T_2.0 ;
    %pushi/vec4 0, 0, 1;
    %assign/vec4 v0x563f215daca0_0, 0;
    %pushi/vec4 1, 0, 3;
    %assign/vec4 v0x563f215db4f0_0, 0;
    %jmp T_2.5;
T_2.1 ;
    %pushi/vec4 2, 0, 3;
    %assign/vec4 v0x563f215db4f0_0, 0;
    %jmp T_2.5;
T_2.2 ;
    %load/vec4 v0x563f215dae00_0;
    %addi 1, 0, 4;
    %assign/vec4 v0x563f215dae00_0, 0;
    %jmp T_2.5;
T_2.3 ;
    %load/vec4 v0x563f215db370_0;
    %ix/load 5, 0, 0;
    %pushi/vec4 15, 0, 32;
    %load/vec4 v0x563f215dae00_0;
    %pad/u 32;
    %sub;
    %ix/vec4 4;
    %assign/vec4/off/d v0x563f215daee0_0, 4, 5;
    %load/vec4 v0x563f215dae00_0;
    %pad/u 32;
    %cmpi/e 15, 0, 32;
    %jmp/0xz  T_2.6, 4;
    %pushi/vec4 4, 0, 3;
    %assign/vec4 v0x563f215db4f0_0, 0;
T_2.6 ;
    %jmp T_2.5;
T_2.4 ;
    %pushi/vec4 1, 0, 1;
    %assign/vec4 v0x563f215daca0_0, 0;
    %load/vec4 v0x563f215dad60_0;
    %flag_set/vec4 8;
    %jmp/0xz  T_2.8, 8;
    %pushi/vec4 0, 0, 3;
    %assign/vec4 v0x563f215db4f0_0, 0;
T_2.8 ;
    %jmp T_2.5;
T_2.5 ;
    %pop/vec4 1;
    %jmp T_2;
    .thread T_2;
    .scope S_0x563f215b1800;
T_3 ;
    %wait E_0x563f215c2b70;
    %load/vec4 v0x563f215db4f0_0;
    %dup/vec4;
    %pushi/vec4 1, 0, 3;
    %cmp/u;
    %jmp/1 T_3.0, 6;
    %dup/vec4;
    %pushi/vec4 2, 0, 3;
    %cmp/u;
    %jmp/1 T_3.1, 6;
    %dup/vec4;
    %pushi/vec4 3, 0, 3;
    %cmp/u;
    %jmp/1 T_3.2, 6;
    %jmp T_3.3;
T_3.0 ;
    %pushi/vec4 1, 0, 1;
    %assign/vec4 v0x563f215db430_0, 0;
    %jmp T_3.3;
T_3.1 ;
    %load/vec4 v0x563f215dae00_0;
    %pad/u 32;
    %cmpi/e 7, 0, 32;
    %jmp/0xz  T_3.4, 4;
    %pushi/vec4 3, 0, 3;
    %assign/vec4 v0x563f215db4f0_0, 0;
    %pushi/vec4 0, 0, 4;
    %store/vec4 v0x563f215dae00_0, 0, 4;
T_3.4 ;
    %load/vec4 v0x563f215db0f0_0;
    %load/vec4 v0x563f215dae00_0;
    %part/u 1;
    %assign/vec4 v0x563f215db430_0, 0;
    %jmp T_3.3;
T_3.2 ;
    %load/vec4 v0x563f215dae00_0;
    %addi 1, 0, 4;
    %assign/vec4 v0x563f215dae00_0, 0;
    %jmp T_3.3;
T_3.3 ;
    %pop/vec4 1;
    %jmp T_3;
    .thread T_3;
# The file index is used to find the file name in the following table.
:file_names 3;
    "N/A";
    "<interactive>";
    "bmp280_stuff/spi_msg.v";
