#! /usr/local/bin/vvp
:ivl_version "13.0 (devel)" "(s20221226-126-gb210eb826)";
:ivl_delay_selection "TYPICAL";
:vpi_time_precision + 0;
:vpi_module "/usr/local/lib/ivl/system.vpi";
:vpi_module "/usr/local/lib/ivl/vhdl_sys.vpi";
:vpi_module "/usr/local/lib/ivl/vhdl_textio.vpi";
:vpi_module "/usr/local/lib/ivl/v2005_math.vpi";
:vpi_module "/usr/local/lib/ivl/va_math.vpi";
S_0x5612ef9fab30 .scope module, "sound_tb" "sound_tb" 2 4;
 .timescale 0 0;
v0x5612efa1a0d0_0 .var "clk12MHz", 0 0;
v0x5612efa1a190_0 .net "debug", 0 0, v0x5612efa198f0_0;  1 drivers
v0x5612efa1a260_0 .var "key1", 0 0;
v0x5612efa1a360_0 .net "note", 0 0, v0x5612efa19b50_0;  1 drivers
v0x5612efa1a430_0 .var "startPlaying", 0 0;
E_0x5612ef9fdfe0 .event posedge, v0x5612efa19b50_0;
S_0x5612ef9face0 .scope module, "s" "Sound" 2 13, 3 1 0, S_0x5612ef9fab30;
 .timescale 0 0;
    .port_info 0 /INPUT 1 "clk12MHz";
    .port_info 1 /INPUT 1 "key1";
    .port_info 2 /INPUT 1 "startPlaying";
    .port_info 3 /OUTPUT 1 "debug";
    .port_info 4 /OUTPUT 1 "note";
v0x5612ef9bfd70_0 .var "A", 31 0;
v0x5612efa19530_0 .var "E", 31 0;
v0x5612efa19610_0 .var "G", 31 0;
v0x5612efa19700_0 .var "c", 31 0;
v0x5612efa197e0_0 .net "clk12MHz", 0 0, v0x5612efa1a0d0_0;  1 drivers
v0x5612efa198f0_0 .var "debug", 0 0;
v0x5612efa199b0_0 .var "freq_counter", 31 0;
v0x5612efa19a90_0 .net "key1", 0 0, v0x5612efa1a260_0;  1 drivers
v0x5612efa19b50_0 .var "note", 0 0;
v0x5612efa19c10_0 .var "note_length", 32 0;
v0x5612efa19cf0_0 .var "note_length_counter", 31 0;
v0x5612efa19dd0_0 .var "playing", 0 0;
v0x5612efa19e90_0 .net "startPlaying", 0 0, v0x5612efa1a430_0;  1 drivers
v0x5612efa19f50_0 .var "states", 1 0;
E_0x5612ef9fb650 .event negedge, v0x5612efa19a90_0;
E_0x5612ef9feb80 .event posedge, v0x5612efa197e0_0;
    .scope S_0x5612ef9face0;
T_0 ;
    %pushi/vec4 0, 0, 32;
    %store/vec4 v0x5612efa199b0_0, 0, 32;
    %pushi/vec4 0, 0, 32;
    %store/vec4 v0x5612efa19cf0_0, 0, 32;
    %pushi/vec4 27272, 0, 32;
    %store/vec4 v0x5612ef9bfd70_0, 0, 32;
    %pushi/vec4 18202, 0, 32;
    %store/vec4 v0x5612efa19530_0, 0, 32;
    %pushi/vec4 15306, 0, 32;
    %store/vec4 v0x5612efa19610_0, 0, 32;
    %pushi/vec4 22933, 0, 32;
    %store/vec4 v0x5612efa19700_0, 0, 32;
    %pushi/vec4 0, 0, 1;
    %store/vec4 v0x5612efa19dd0_0, 0, 1;
    %pushi/vec4 12000000, 0, 33;
    %store/vec4 v0x5612efa19c10_0, 0, 33;
    %pushi/vec4 3, 0, 2;
    %store/vec4 v0x5612efa19f50_0, 0, 2;
    %end;
    .thread T_0;
    .scope S_0x5612ef9face0;
T_1 ;
    %wait E_0x5612ef9feb80;
    %load/vec4 v0x5612efa199b0_0;
    %addi 1, 0, 32;
    %assign/vec4 v0x5612efa199b0_0, 0;
    %load/vec4 v0x5612efa19cf0_0;
    %addi 1, 0, 32;
    %assign/vec4 v0x5612efa19cf0_0, 0;
    %load/vec4 v0x5612efa19f50_0;
    %dup/vec4;
    %pushi/vec4 0, 0, 2;
    %cmp/u;
    %jmp/1 T_1.0, 6;
    %dup/vec4;
    %pushi/vec4 1, 0, 2;
    %cmp/u;
    %jmp/1 T_1.1, 6;
    %dup/vec4;
    %pushi/vec4 2, 0, 2;
    %cmp/u;
    %jmp/1 T_1.2, 6;
    %dup/vec4;
    %pushi/vec4 3, 0, 2;
    %cmp/u;
    %jmp/1 T_1.3, 6;
    %jmp T_1.4;
T_1.0 ;
    %pushi/vec4 0, 0, 1;
    %assign/vec4 v0x5612efa198f0_0, 0;
    %load/vec4 v0x5612ef9bfd70_0;
    %load/vec4 v0x5612efa199b0_0;
    %cmp/u;
    %flag_or 5, 4;
    %jmp/0xz  T_1.5, 5;
    %load/vec4 v0x5612efa19b50_0;
    %inv;
    %assign/vec4 v0x5612efa19b50_0, 0;
    %pushi/vec4 0, 0, 32;
    %assign/vec4 v0x5612efa199b0_0, 0;
T_1.5 ;
    %load/vec4 v0x5612efa19c10_0;
    %load/vec4 v0x5612efa19cf0_0;
    %pad/u 33;
    %cmp/u;
    %flag_or 5, 4;
    %jmp/0xz  T_1.7, 5;
    %pushi/vec4 1, 0, 2;
    %assign/vec4 v0x5612efa19f50_0, 0;
    %pushi/vec4 0, 0, 32;
    %assign/vec4 v0x5612efa19cf0_0, 0;
T_1.7 ;
    %jmp T_1.4;
T_1.1 ;
    %load/vec4 v0x5612efa19530_0;
    %load/vec4 v0x5612efa199b0_0;
    %cmp/u;
    %flag_or 5, 4;
    %jmp/0xz  T_1.9, 5;
    %load/vec4 v0x5612efa19b50_0;
    %inv;
    %assign/vec4 v0x5612efa19b50_0, 0;
    %pushi/vec4 0, 0, 32;
    %assign/vec4 v0x5612efa199b0_0, 0;
T_1.9 ;
    %load/vec4 v0x5612efa19c10_0;
    %load/vec4 v0x5612efa19cf0_0;
    %pad/u 33;
    %cmp/u;
    %flag_or 5, 4;
    %jmp/0xz  T_1.11, 5;
    %pushi/vec4 2, 0, 2;
    %assign/vec4 v0x5612efa19f50_0, 0;
    %pushi/vec4 0, 0, 32;
    %assign/vec4 v0x5612efa19cf0_0, 0;
T_1.11 ;
    %jmp T_1.4;
T_1.2 ;
    %load/vec4 v0x5612efa19610_0;
    %load/vec4 v0x5612efa199b0_0;
    %cmp/u;
    %flag_or 5, 4;
    %jmp/0xz  T_1.13, 5;
    %load/vec4 v0x5612efa19b50_0;
    %inv;
    %assign/vec4 v0x5612efa19b50_0, 0;
    %pushi/vec4 0, 0, 32;
    %assign/vec4 v0x5612efa199b0_0, 0;
T_1.13 ;
    %load/vec4 v0x5612efa19c10_0;
    %load/vec4 v0x5612efa19cf0_0;
    %pad/u 33;
    %cmp/u;
    %flag_or 5, 4;
    %jmp/0xz  T_1.15, 5;
    %pushi/vec4 3, 0, 2;
    %assign/vec4 v0x5612efa19f50_0, 0;
    %pushi/vec4 0, 0, 32;
    %assign/vec4 v0x5612efa19cf0_0, 0;
T_1.15 ;
    %jmp T_1.4;
T_1.3 ;
    %pushi/vec4 0, 0, 1;
    %assign/vec4 v0x5612efa19dd0_0, 0;
    %jmp T_1.4;
T_1.4 ;
    %pop/vec4 1;
    %jmp T_1;
    .thread T_1;
    .scope S_0x5612ef9face0;
T_2 ;
    %wait E_0x5612ef9fb650;
    %load/vec4 v0x5612efa19dd0_0;
    %cmpi/e 0, 0, 1;
    %jmp/0xz  T_2.0, 4;
    %pushi/vec4 1, 0, 1;
    %assign/vec4 v0x5612efa19dd0_0, 0;
    %pushi/vec4 0, 0, 2;
    %store/vec4 v0x5612efa19f50_0, 0, 2;
    %pushi/vec4 1, 0, 1;
    %assign/vec4 v0x5612efa198f0_0, 0;
T_2.0 ;
    %jmp T_2;
    .thread T_2;
    .scope S_0x5612ef9fab30;
T_3 ;
    %delay 100, 0;
    %pushi/vec4 1, 0, 1;
    %assign/vec4 v0x5612efa1a260_0, 0;
    %delay 100, 0;
    %vpi_call 2 28 "$display", "debug: %b", v0x5612efa1a190_0 {0 0 0};
    %delay 100, 0;
    %pushi/vec4 0, 0, 1;
    %assign/vec4 v0x5612efa1a260_0, 0;
    %delay 100, 0;
    %vpi_call 2 34 "$display", "debug: %b", v0x5612efa1a190_0 {0 0 0};
    %delay 100, 0;
    %vpi_call 2 37 "$display", "time: %0t", $time {0 0 0};
    %delay 2313682944, 2328306436;
    %vpi_call 2 39 "$display", "time: %0t", $time {0 0 0};
    %end;
    .thread T_3;
    .scope S_0x5612ef9fab30;
T_4 ;
    %wait E_0x5612ef9fdfe0;
    %jmp T_4;
    .thread T_4;
# The file index is used to find the file name in the following table.
:file_names 4;
    "N/A";
    "<interactive>";
    "sound_tb.v";
    "sound.v";
