#! /usr/local/bin/vvp
:ivl_version "13.0 (devel)" "(s20221226-126-gb210eb826)";
:ivl_delay_selection "TYPICAL";
:vpi_time_precision + 0;
:vpi_module "/usr/local/lib/ivl/system.vpi";
:vpi_module "/usr/local/lib/ivl/vhdl_sys.vpi";
:vpi_module "/usr/local/lib/ivl/vhdl_textio.vpi";
:vpi_module "/usr/local/lib/ivl/v2005_math.vpi";
:vpi_module "/usr/local/lib/ivl/va_math.vpi";
S_0x55e8e8c56490 .scope module, "spi_getID" "spi_getID" 2 1;
 .timescale 0 0;
    .port_info 0 /INPUT 1 "sdi";
    .port_info 1 /INPUT 1 "rst";
    .port_info 2 /INPUT 1 "clk12MHz";
    .port_info 3 /OUTPUT 1 "sdo";
    .port_info 4 /OUTPUT 1 "cs";
    .port_info 5 /OUTPUT 1 "sck";
    .port_info 6 /OUTPUT 8 "recv_msg";
    .port_info 7 /OUTPUT 4 "debug_states";
    .port_info 8 /OUTPUT 1 "debug_sck_halfs";
P_0x55e8e8c652e0 .param/l "SCK_COUNTER_SPEED" 0 2 37, +C4<00000000000000000000000000000010>;
L_0x55e8e8c848d0 .functor BUFZ 1, v0x55e8e8c84610_0, C4<0>, C4<0>, C4<0>;
L_0x55e8e8c84960 .functor BUFZ 1, v0x55e8e8c837d0_0, C4<0>, C4<0>, C4<0>;
L_0x55e8e8c84b00 .functor BUFZ 8, v0x55e8e8c83d20_0, C4<00000000>, C4<00000000>, C4<00000000>;
L_0x55e8e8c84bd0 .functor BUFZ 4, v0x55e8e8c846d0_0, C4<0000>, C4<0000>, C4<0000>;
L_0x55e8e8c84cd0 .functor BUFZ 1, v0x55e8e8c842c0_0, C4<0>, C4<0>, C4<0>;
L_0x7f204b7b7018 .functor BUFT 1, C4<0>, C4<0>, C4<0>, C4<0>;
v0x55e8e8c56770_0 .net/2u *"_ivl_4", 0 0, L_0x7f204b7b7018;  1 drivers
o0x7f204ba36048 .functor BUFZ 1, C4<z>; HiZ drive
v0x55e8e8c83670_0 .net "clk12MHz", 0 0, o0x7f204ba36048;  0 drivers
v0x55e8e8c83730_0 .net "cs", 0 0, L_0x55e8e8c84960;  1 drivers
v0x55e8e8c837d0_0 .var "cs_internal", 0 0;
v0x55e8e8c83890_0 .net "debug_sck_halfs", 0 0, L_0x55e8e8c84cd0;  1 drivers
v0x55e8e8c839a0_0 .net "debug_states", 3 0, L_0x55e8e8c84bd0;  1 drivers
v0x55e8e8c83a80_0 .var "msg_bit_counter", 3 0;
v0x55e8e8c83b60_0 .net "recv_msg", 7 0, L_0x55e8e8c84b00;  1 drivers
v0x55e8e8c83c40_0 .var "recv_msg_bit_counter", 3 0;
v0x55e8e8c83d20_0 .var "recv_msg_internal", 7 0;
v0x55e8e8c83e00_0 .var "reg_address", 7 0;
o0x7f204ba36228 .functor BUFZ 1, C4<z>; HiZ drive
v0x55e8e8c83ee0_0 .net "rst", 0 0, o0x7f204ba36228;  0 drivers
v0x55e8e8c83fa0_0 .var "running", 0 0;
v0x55e8e8c84060_0 .net "sck", 0 0, L_0x55e8e8c84a00;  1 drivers
v0x55e8e8c84120_0 .var "sck_counter", 32 0;
v0x55e8e8c84200_0 .var "sck_internal", 0 0;
v0x55e8e8c842c0_0 .var "sck_internal_halfs", 0 0;
o0x7f204ba36348 .functor BUFZ 1, C4<z>; HiZ drive
v0x55e8e8c84490_0 .net "sdi", 0 0, o0x7f204ba36348;  0 drivers
v0x55e8e8c84550_0 .net "sdo", 0 0, L_0x55e8e8c848d0;  1 drivers
v0x55e8e8c84610_0 .var "sdo_internal", 0 0;
v0x55e8e8c846d0_0 .var "states", 3 0;
E_0x55e8e8c62990 .event posedge, v0x55e8e8c842c0_0;
E_0x55e8e8c654c0 .event posedge, v0x55e8e8c83670_0;
L_0x55e8e8c84a00 .functor MUXZ 1, L_0x7f204b7b7018, v0x55e8e8c84200_0, v0x55e8e8c83fa0_0, C4<>;
    .scope S_0x55e8e8c56490;
T_0 ;
    %pushi/vec4 159, 0, 8;
    %store/vec4 v0x55e8e8c83e00_0, 0, 8;
    %pushi/vec4 0, 0, 33;
    %store/vec4 v0x55e8e8c84120_0, 0, 33;
    %pushi/vec4 8, 0, 4;
    %store/vec4 v0x55e8e8c846d0_0, 0, 4;
    %pushi/vec4 0, 0, 4;
    %store/vec4 v0x55e8e8c83a80_0, 0, 4;
    %pushi/vec4 0, 0, 4;
    %store/vec4 v0x55e8e8c83c40_0, 0, 4;
    %pushi/vec4 0, 0, 8;
    %store/vec4 v0x55e8e8c83d20_0, 0, 8;
    %pushi/vec4 0, 0, 1;
    %store/vec4 v0x55e8e8c83fa0_0, 0, 1;
    %end;
    .thread T_0;
    .scope S_0x55e8e8c56490;
T_1 ;
    %wait E_0x55e8e8c654c0;
    %load/vec4 v0x55e8e8c84120_0;
    %addi 1, 0, 33;
    %assign/vec4 v0x55e8e8c84120_0, 0;
    %load/vec4 v0x55e8e8c84120_0;
    %parti/s 1, 2, 3;
    %assign/vec4 v0x55e8e8c84200_0, 0;
    %load/vec4 v0x55e8e8c84120_0;
    %parti/s 1, 1, 2;
    %assign/vec4 v0x55e8e8c842c0_0, 0;
    %jmp T_1;
    .thread T_1;
    .scope S_0x55e8e8c56490;
T_2 ;
    %wait E_0x55e8e8c62990;
    %load/vec4 v0x55e8e8c84200_0;
    %dup/vec4;
    %pushi/vec4 1, 0, 1;
    %cmp/u;
    %jmp/1 T_2.0, 6;
    %dup/vec4;
    %pushi/vec4 0, 0, 1;
    %cmp/u;
    %jmp/1 T_2.1, 6;
    %jmp T_2.2;
T_2.0 ;
    %load/vec4 v0x55e8e8c846d0_0;
    %dup/vec4;
    %pushi/vec4 0, 0, 4;
    %cmp/u;
    %jmp/1 T_2.3, 6;
    %dup/vec4;
    %pushi/vec4 4, 0, 4;
    %cmp/u;
    %jmp/1 T_2.4, 6;
    %dup/vec4;
    %pushi/vec4 5, 0, 4;
    %cmp/u;
    %jmp/1 T_2.5, 6;
    %dup/vec4;
    %pushi/vec4 8, 0, 4;
    %cmp/u;
    %jmp/1 T_2.6, 6;
    %dup/vec4;
    %pushi/vec4 9, 0, 4;
    %cmp/u;
    %jmp/1 T_2.7, 6;
    %jmp T_2.8;
T_2.3 ;
    %pushi/vec4 0, 0, 1;
    %assign/vec4 v0x55e8e8c837d0_0, 0;
    %pushi/vec4 1, 0, 1;
    %assign/vec4 v0x55e8e8c83fa0_0, 0;
    %pushi/vec4 3, 0, 4;
    %assign/vec4 v0x55e8e8c846d0_0, 0;
    %jmp T_2.8;
T_2.4 ;
    %load/vec4 v0x55e8e8c83a80_0;
    %addi 1, 0, 4;
    %assign/vec4 v0x55e8e8c83a80_0, 0;
    %pushi/vec4 3, 0, 4;
    %assign/vec4 v0x55e8e8c846d0_0, 0;
    %jmp T_2.8;
T_2.5 ;
    %pushi/vec4 0, 0, 4;
    %assign/vec4 v0x55e8e8c83a80_0, 0;
    %load/vec4 v0x55e8e8c84490_0;
    %pushi/vec4 7, 0, 32;
    %load/vec4 v0x55e8e8c83c40_0;
    %pad/u 32;
    %sub;
    %ix/vec4 4;
    %store/vec4 v0x55e8e8c83d20_0, 4, 1;
    %load/vec4 v0x55e8e8c83c40_0;
    %pad/u 32;
    %cmpi/e 7, 0, 32;
    %jmp/0xz  T_2.9, 4;
    %pushi/vec4 7, 0, 4;
    %assign/vec4 v0x55e8e8c846d0_0, 0;
    %jmp T_2.10;
T_2.9 ;
    %pushi/vec4 6, 0, 4;
    %assign/vec4 v0x55e8e8c846d0_0, 0;
T_2.10 ;
    %jmp T_2.8;
T_2.6 ;
    %pushi/vec4 1, 0, 1;
    %assign/vec4 v0x55e8e8c837d0_0, 0;
    %load/vec4 v0x55e8e8c83ee0_0;
    %inv;
    %flag_set/vec4 8;
    %jmp/0xz  T_2.11, 8;
    %pushi/vec4 0, 0, 4;
    %assign/vec4 v0x55e8e8c846d0_0, 0;
T_2.11 ;
    %jmp T_2.8;
T_2.7 ;
    %pushi/vec4 10, 0, 4;
    %assign/vec4 v0x55e8e8c846d0_0, 0;
    %jmp T_2.8;
T_2.8 ;
    %pop/vec4 1;
    %jmp T_2.2;
T_2.1 ;
    %load/vec4 v0x55e8e8c846d0_0;
    %dup/vec4;
    %pushi/vec4 3, 0, 4;
    %cmp/u;
    %jmp/1 T_2.13, 6;
    %dup/vec4;
    %pushi/vec4 6, 0, 4;
    %cmp/u;
    %jmp/1 T_2.14, 6;
    %dup/vec4;
    %pushi/vec4 7, 0, 4;
    %cmp/u;
    %jmp/1 T_2.15, 6;
    %dup/vec4;
    %pushi/vec4 10, 0, 4;
    %cmp/u;
    %jmp/1 T_2.16, 6;
    %jmp T_2.17;
T_2.13 ;
    %load/vec4 v0x55e8e8c83e00_0;
    %pushi/vec4 7, 0, 32;
    %load/vec4 v0x55e8e8c83a80_0;
    %pad/u 32;
    %sub;
    %part/u 1;
    %store/vec4 v0x55e8e8c84610_0, 0, 1;
    %load/vec4 v0x55e8e8c83a80_0;
    %pad/u 32;
    %cmpi/e 7, 0, 32;
    %jmp/0xz  T_2.18, 4;
    %pushi/vec4 9, 0, 4;
    %assign/vec4 v0x55e8e8c846d0_0, 0;
    %jmp T_2.19;
T_2.18 ;
    %pushi/vec4 4, 0, 4;
    %assign/vec4 v0x55e8e8c846d0_0, 0;
T_2.19 ;
    %jmp T_2.17;
T_2.14 ;
    %load/vec4 v0x55e8e8c83c40_0;
    %addi 1, 0, 4;
    %assign/vec4 v0x55e8e8c83c40_0, 0;
    %pushi/vec4 5, 0, 4;
    %assign/vec4 v0x55e8e8c846d0_0, 0;
    %jmp T_2.17;
T_2.15 ;
    %pushi/vec4 1, 0, 1;
    %assign/vec4 v0x55e8e8c837d0_0, 0;
    %pushi/vec4 0, 0, 1;
    %assign/vec4 v0x55e8e8c83fa0_0, 0;
    %pushi/vec4 0, 0, 4;
    %assign/vec4 v0x55e8e8c83c40_0, 0;
    %jmp T_2.17;
T_2.16 ;
    %pushi/vec4 5, 0, 4;
    %assign/vec4 v0x55e8e8c846d0_0, 0;
    %jmp T_2.17;
T_2.17 ;
    %pop/vec4 1;
    %jmp T_2.2;
T_2.2 ;
    %pop/vec4 1;
    %jmp T_2;
    .thread T_2;
# The file index is used to find the file name in the following table.
:file_names 3;
    "N/A";
    "<interactive>";
    "spi_getID.v";
