#! /usr/local/bin/vvp
:ivl_version "13.0 (devel)" "(s20221226-126-gb210eb826)";
:ivl_delay_selection "TYPICAL";
:vpi_time_precision + 0;
:vpi_module "/usr/local/lib/ivl/system.vpi";
:vpi_module "/usr/local/lib/ivl/vhdl_sys.vpi";
:vpi_module "/usr/local/lib/ivl/vhdl_textio.vpi";
:vpi_module "/usr/local/lib/ivl/v2005_math.vpi";
:vpi_module "/usr/local/lib/ivl/va_math.vpi";
S_0x55ea0a68fe10 .scope module, "top" "top" 2 4;
 .timescale 0 0;
    .port_info 0 /INPUT 1 "clk12MHz";
    .port_info 1 /INPUT 1 "key1";
    .port_info 2 /OUTPUT 1 "led1";
    .port_info 3 /OUTPUT 1 "led2";
    .port_info 4 /OUTPUT 1 "led3";
    .port_info 5 /OUTPUT 1 "led4";
    .port_info 6 /OUTPUT 1 "led5";
    .port_info 7 /OUTPUT 1 "led6";
    .port_info 8 /OUTPUT 1 "led7";
    .port_info 9 /OUTPUT 1 "led8";
    .port_info 10 /OUTPUT 1 "lcol1";
    .port_info 11 /OUTPUT 1 "lcol2";
    .port_info 12 /OUTPUT 1 "lcol3";
    .port_info 13 /OUTPUT 1 "lcol4";
    .port_info 14 /OUTPUT 1 "sck";
    .port_info 15 /INPUT 1 "sdi";
    .port_info 16 /OUTPUT 1 "sdo";
    .port_info 17 /OUTPUT 1 "csb";
L_0x55ea0a6c1d90 .functor BUFZ 8, v0x55ea0a6f8430_0, C4<00000000>, C4<00000000>, C4<00000000>;
L_0x55ea0a6be310 .functor BUFZ 4, v0x55ea0a690e10_0, C4<0000>, C4<0000>, C4<0000>;
v0x55ea0a6f9510_0 .net *"_ivl_10", 7 0, L_0x55ea0a6c1d90;  1 drivers
v0x55ea0a6f9610_0 .net *"_ivl_17", 3 0, L_0x55ea0a6be310;  1 drivers
o0x7f500c45b018 .functor BUFZ 1, C4<z>; HiZ drive
v0x55ea0a6f96f0_0 .net "clk12MHz", 0 0, o0x7f500c45b018;  0 drivers
v0x55ea0a6f9790_0 .net "column_leds", 3 0, v0x55ea0a690e10_0;  1 drivers
v0x55ea0a6f9830_0 .var "counter", 31 0;
v0x55ea0a6f9940_0 .net "csb", 0 0, v0x55ea0a6f8a90_0;  1 drivers
v0x55ea0a6f99e0_0 .var "go", 0 0;
o0x7f500c45b738 .functor BUFZ 1, C4<z>; HiZ drive
v0x55ea0a6f9ab0_0 .net "key1", 0 0, o0x7f500c45b738;  0 drivers
v0x55ea0a6f9b50_0 .var "l1", 7 0;
v0x55ea0a6f9cb0_0 .var "l2", 7 0;
v0x55ea0a6f9d80_0 .var "l3", 7 0;
v0x55ea0a6f9e50_0 .var "l4", 7 0;
v0x55ea0a6f9f20_0 .net "lcol1", 0 0, L_0x55ea0a6fba10;  1 drivers
v0x55ea0a6f9fc0_0 .net "lcol2", 0 0, L_0x55ea0a6fb970;  1 drivers
v0x55ea0a6fa080_0 .net "lcol3", 0 0, L_0x55ea0a6fb7f0;  1 drivers
v0x55ea0a6fa140_0 .net "lcol4", 0 0, L_0x55ea0a6fb720;  1 drivers
v0x55ea0a6fa200_0 .net "led1", 0 0, L_0x55ea0a6fb4f0;  1 drivers
v0x55ea0a6fa3d0_0 .net "led2", 0 0, L_0x55ea0a6fb450;  1 drivers
v0x55ea0a6fa490_0 .net "led3", 0 0, L_0x55ea0a6fb340;  1 drivers
v0x55ea0a6fa550_0 .net "led4", 0 0, L_0x55ea0a6fb270;  1 drivers
v0x55ea0a6fa610_0 .net "led5", 0 0, L_0x55ea0a6fb170;  1 drivers
v0x55ea0a6fa6d0_0 .net "led6", 0 0, L_0x55ea0a6fb0d0;  1 drivers
v0x55ea0a6fa790_0 .net "led7", 0 0, L_0x55ea0a6fb000;  1 drivers
v0x55ea0a6fa850_0 .net "led8", 0 0, L_0x55ea0a6c1ea0;  1 drivers
v0x55ea0a6fa910_0 .net "line_leds", 7 0, v0x55ea0a6f8430_0;  1 drivers
v0x55ea0a6faa00_0 .net "sck", 0 0, v0x55ea0a6f8fa0_0;  1 drivers
o0x7f500c45b4c8 .functor BUFZ 1, C4<z>; HiZ drive
v0x55ea0a6faad0_0 .net "sdi", 0 0, o0x7f500c45b4c8;  0 drivers
v0x55ea0a6faba0_0 .net "sdo", 0 0, v0x55ea0a6f9290_0;  1 drivers
v0x55ea0a6fac70_0 .net "tmp", 15 0, v0x55ea0a6f8cb0_0;  1 drivers
L_0x55ea0a6c1ea0 .part L_0x55ea0a6c1d90, 7, 1;
L_0x55ea0a6fb000 .part L_0x55ea0a6c1d90, 6, 1;
L_0x55ea0a6fb0d0 .part L_0x55ea0a6c1d90, 5, 1;
L_0x55ea0a6fb170 .part L_0x55ea0a6c1d90, 4, 1;
L_0x55ea0a6fb270 .part L_0x55ea0a6c1d90, 3, 1;
L_0x55ea0a6fb340 .part L_0x55ea0a6c1d90, 2, 1;
L_0x55ea0a6fb450 .part L_0x55ea0a6c1d90, 1, 1;
L_0x55ea0a6fb4f0 .part L_0x55ea0a6c1d90, 0, 1;
L_0x55ea0a6fb720 .part L_0x55ea0a6be310, 3, 1;
L_0x55ea0a6fb7f0 .part L_0x55ea0a6be310, 2, 1;
L_0x55ea0a6fb970 .part L_0x55ea0a6be310, 1, 1;
L_0x55ea0a6fba10 .part L_0x55ea0a6be310, 0, 1;
S_0x55ea0a6d6680 .scope module, "led_driver" "led_driver" 2 45, 3 1 0, S_0x55ea0a68fe10;
 .timescale 0 0;
    .port_info 0 /INPUT 1 "clk12MHz";
    .port_info 1 /INPUT 8 "l1";
    .port_info 2 /INPUT 8 "l2";
    .port_info 3 /INPUT 8 "l3";
    .port_info 4 /INPUT 8 "l4";
    .port_info 5 /OUTPUT 8 "line_leds";
    .port_info 6 /OUTPUT 4 "column_leds";
v0x55ea0a6be460_0 .net "clk12MHz", 0 0, o0x7f500c45b018;  alias, 0 drivers
v0x55ea0a690e10_0 .var "column_leds", 3 0;
v0x55ea0a6f7ff0_0 .var "counter", 31 0;
v0x55ea0a6f80b0_0 .net "l1", 7 0, v0x55ea0a6f9b50_0;  1 drivers
v0x55ea0a6f8190_0 .net "l2", 7 0, v0x55ea0a6f9cb0_0;  1 drivers
v0x55ea0a6f8270_0 .net "l3", 7 0, v0x55ea0a6f9d80_0;  1 drivers
v0x55ea0a6f8350_0 .net "l4", 7 0, v0x55ea0a6f9e50_0;  1 drivers
v0x55ea0a6f8430_0 .var "line_leds", 7 0;
v0x55ea0a6f8510_0 .var "signal", 0 0;
v0x55ea0a6f85d0_0 .var "states", 1 0;
E_0x55ea0a6d29f0 .event posedge, v0x55ea0a6f8510_0;
E_0x55ea0a6d23d0 .event posedge, v0x55ea0a6be460_0;
S_0x55ea0a6f8790 .scope module, "spi" "spi_msg" 2 44, 4 1 0, S_0x55ea0a68fe10;
 .timescale 0 0;
    .port_info 0 /INPUT 1 "clk12MHz";
    .port_info 1 /INPUT 1 "sdi";
    .port_info 2 /INPUT 1 "go";
    .port_info 3 /OUTPUT 1 "sck";
    .port_info 4 /OUTPUT 1 "sdo";
    .port_info 5 /OUTPUT 1 "csb";
    .port_info 6 /OUTPUT 16 "recv_message";
v0x55ea0a6f89f0_0 .net "clk12MHz", 0 0, o0x7f500c45b018;  alias, 0 drivers
v0x55ea0a6f8a90_0 .var "csb", 0 0;
v0x55ea0a6f8b30_0 .net "go", 0 0, v0x55ea0a6f99e0_0;  1 drivers
v0x55ea0a6f8bd0_0 .var "msg_bit_counter", 3 0;
v0x55ea0a6f8cb0_0 .var "recv_message", 15 0;
v0x55ea0a6f8de0_0 .var "recv_msg_bit_counter", 3 0;
v0x55ea0a6f8ec0_0 .var "reg_address", 7 0;
v0x55ea0a6f8fa0_0 .var "sck", 0 0;
v0x55ea0a6f9060_0 .var "sck_counter", 32 0;
v0x55ea0a6f91d0_0 .net "sdi", 0 0, o0x7f500c45b4c8;  alias, 0 drivers
v0x55ea0a6f9290_0 .var "sdo", 0 0;
v0x55ea0a6f9350_0 .var "states", 2 0;
    .scope S_0x55ea0a6f8790;
T_0 ;
    %pushi/vec4 0, 0, 33;
    %store/vec4 v0x55ea0a6f9060_0, 0, 33;
    %pushi/vec4 3, 0, 3;
    %store/vec4 v0x55ea0a6f9350_0, 0, 3;
    %pushi/vec4 0, 0, 4;
    %store/vec4 v0x55ea0a6f8bd0_0, 0, 4;
    %pushi/vec4 0, 0, 4;
    %store/vec4 v0x55ea0a6f8de0_0, 0, 4;
    %pushi/vec4 250, 0, 8;
    %store/vec4 v0x55ea0a6f8ec0_0, 0, 8;
    %end;
    .thread T_0;
    .scope S_0x55ea0a6f8790;
T_1 ;
    %wait E_0x55ea0a6d23d0;
    %load/vec4 v0x55ea0a6f9060_0;
    %addi 1, 0, 33;
    %assign/vec4 v0x55ea0a6f9060_0, 0;
    %load/vec4 v0x55ea0a6f9060_0;
    %parti/s 1, 24, 6;
    %assign/vec4 v0x55ea0a6f8fa0_0, 0;
    %load/vec4 v0x55ea0a6f8fa0_0;
    %dup/vec4;
    %pushi/vec4 0, 0, 1;
    %cmp/u;
    %jmp/1 T_1.0, 6;
    %dup/vec4;
    %pushi/vec4 1, 0, 1;
    %cmp/u;
    %jmp/1 T_1.1, 6;
    %jmp T_1.2;
T_1.0 ;
    %load/vec4 v0x55ea0a6f9350_0;
    %dup/vec4;
    %pushi/vec4 0, 0, 3;
    %cmp/u;
    %jmp/1 T_1.3, 6;
    %dup/vec4;
    %pushi/vec4 1, 0, 3;
    %cmp/u;
    %jmp/1 T_1.4, 6;
    %dup/vec4;
    %pushi/vec4 2, 0, 3;
    %cmp/u;
    %jmp/1 T_1.5, 6;
    %dup/vec4;
    %pushi/vec4 3, 0, 3;
    %cmp/u;
    %jmp/1 T_1.6, 6;
    %jmp T_1.7;
T_1.3 ;
    %pushi/vec4 0, 0, 1;
    %assign/vec4 v0x55ea0a6f8a90_0, 0;
    %pushi/vec4 1, 0, 3;
    %assign/vec4 v0x55ea0a6f9350_0, 0;
    %pushi/vec4 0, 0, 1;
    %assign/vec4 v0x55ea0a6f9290_0, 0;
    %jmp T_1.7;
T_1.4 ;
    %pushi/vec4 2, 0, 3;
    %assign/vec4 v0x55ea0a6f9350_0, 0;
    %jmp T_1.7;
T_1.5 ;
    %load/vec4 v0x55ea0a6f8bd0_0;
    %addi 1, 0, 4;
    %assign/vec4 v0x55ea0a6f8bd0_0, 0;
    %jmp T_1.7;
T_1.6 ;
    %load/vec4 v0x55ea0a6f91d0_0;
    %ix/load 5, 0, 0;
    %pushi/vec4 15, 0, 32;
    %load/vec4 v0x55ea0a6f8bd0_0;
    %pad/u 32;
    %sub;
    %ix/vec4 4;
    %assign/vec4/off/d v0x55ea0a6f8cb0_0, 4, 5;
    %load/vec4 v0x55ea0a6f8bd0_0;
    %pad/u 32;
    %cmpi/e 15, 0, 32;
    %jmp/0xz  T_1.8, 4;
    %pushi/vec4 4, 0, 3;
    %assign/vec4 v0x55ea0a6f9350_0, 0;
T_1.8 ;
    %jmp T_1.7;
T_1.7 ;
    %pop/vec4 1;
    %jmp T_1.2;
T_1.1 ;
    %load/vec4 v0x55ea0a6f9350_0;
    %dup/vec4;
    %pushi/vec4 1, 0, 3;
    %cmp/u;
    %jmp/1 T_1.10, 6;
    %dup/vec4;
    %pushi/vec4 2, 0, 3;
    %cmp/u;
    %jmp/1 T_1.11, 6;
    %dup/vec4;
    %pushi/vec4 3, 0, 3;
    %cmp/u;
    %jmp/1 T_1.12, 6;
    %jmp T_1.13;
T_1.10 ;
    %pushi/vec4 1, 0, 1;
    %assign/vec4 v0x55ea0a6f9290_0, 0;
    %jmp T_1.13;
T_1.11 ;
    %load/vec4 v0x55ea0a6f8bd0_0;
    %pad/u 32;
    %cmpi/e 7, 0, 32;
    %jmp/0xz  T_1.14, 4;
    %pushi/vec4 3, 0, 3;
    %assign/vec4 v0x55ea0a6f9350_0, 0;
    %pushi/vec4 0, 0, 4;
    %store/vec4 v0x55ea0a6f8bd0_0, 0, 4;
T_1.14 ;
    %load/vec4 v0x55ea0a6f8ec0_0;
    %load/vec4 v0x55ea0a6f8bd0_0;
    %part/u 1;
    %assign/vec4 v0x55ea0a6f9290_0, 0;
    %jmp T_1.13;
T_1.12 ;
    %load/vec4 v0x55ea0a6f8bd0_0;
    %addi 1, 0, 4;
    %assign/vec4 v0x55ea0a6f8bd0_0, 0;
    %jmp T_1.13;
T_1.13 ;
    %pop/vec4 1;
    %jmp T_1.2;
T_1.2 ;
    %pop/vec4 1;
    %jmp T_1;
    .thread T_1;
    .scope S_0x55ea0a6d6680;
T_2 ;
    %pushi/vec4 0, 0, 2;
    %store/vec4 v0x55ea0a6f85d0_0, 0, 2;
    %pushi/vec4 0, 0, 32;
    %store/vec4 v0x55ea0a6f7ff0_0, 0, 32;
    %end;
    .thread T_2;
    .scope S_0x55ea0a6d6680;
T_3 ;
    %wait E_0x55ea0a6d23d0;
    %load/vec4 v0x55ea0a6f7ff0_0;
    %addi 1, 0, 32;
    %assign/vec4 v0x55ea0a6f7ff0_0, 0;
    %load/vec4 v0x55ea0a6f7ff0_0;
    %parti/s 1, 10, 5;
    %assign/vec4 v0x55ea0a6f8510_0, 0;
    %jmp T_3;
    .thread T_3;
    .scope S_0x55ea0a6d6680;
T_4 ;
    %wait E_0x55ea0a6d29f0;
    %load/vec4 v0x55ea0a6f85d0_0;
    %dup/vec4;
    %pushi/vec4 0, 0, 2;
    %cmp/u;
    %jmp/1 T_4.0, 6;
    %dup/vec4;
    %pushi/vec4 1, 0, 2;
    %cmp/u;
    %jmp/1 T_4.1, 6;
    %dup/vec4;
    %pushi/vec4 2, 0, 2;
    %cmp/u;
    %jmp/1 T_4.2, 6;
    %dup/vec4;
    %pushi/vec4 3, 0, 2;
    %cmp/u;
    %jmp/1 T_4.3, 6;
    %jmp T_4.4;
T_4.0 ;
    %pushi/vec4 14, 0, 4;
    %assign/vec4 v0x55ea0a690e10_0, 0;
    %load/vec4 v0x55ea0a6f80b0_0;
    %assign/vec4 v0x55ea0a6f8430_0, 0;
    %pushi/vec4 1, 0, 2;
    %assign/vec4 v0x55ea0a6f85d0_0, 0;
    %jmp T_4.4;
T_4.1 ;
    %pushi/vec4 13, 0, 4;
    %assign/vec4 v0x55ea0a690e10_0, 0;
    %load/vec4 v0x55ea0a6f8190_0;
    %assign/vec4 v0x55ea0a6f8430_0, 0;
    %pushi/vec4 2, 0, 2;
    %assign/vec4 v0x55ea0a6f85d0_0, 0;
    %jmp T_4.4;
T_4.2 ;
    %pushi/vec4 11, 0, 4;
    %assign/vec4 v0x55ea0a690e10_0, 0;
    %load/vec4 v0x55ea0a6f8270_0;
    %assign/vec4 v0x55ea0a6f8430_0, 0;
    %pushi/vec4 3, 0, 2;
    %assign/vec4 v0x55ea0a6f85d0_0, 0;
    %jmp T_4.4;
T_4.3 ;
    %pushi/vec4 7, 0, 4;
    %assign/vec4 v0x55ea0a690e10_0, 0;
    %load/vec4 v0x55ea0a6f8350_0;
    %assign/vec4 v0x55ea0a6f8430_0, 0;
    %pushi/vec4 0, 0, 2;
    %assign/vec4 v0x55ea0a6f85d0_0, 0;
    %jmp T_4.4;
T_4.4 ;
    %pop/vec4 1;
    %jmp T_4;
    .thread T_4;
    .scope S_0x55ea0a68fe10;
T_5 ;
    %pushi/vec4 0, 0, 32;
    %store/vec4 v0x55ea0a6f9830_0, 0, 32;
    %pushi/vec4 255, 0, 8;
    %store/vec4 v0x55ea0a6f9b50_0, 0, 8;
    %pushi/vec4 255, 0, 8;
    %store/vec4 v0x55ea0a6f9cb0_0, 0, 8;
    %pushi/vec4 255, 0, 8;
    %store/vec4 v0x55ea0a6f9d80_0, 0, 8;
    %pushi/vec4 255, 0, 8;
    %store/vec4 v0x55ea0a6f9e50_0, 0, 8;
    %end;
    .thread T_5;
    .scope S_0x55ea0a68fe10;
T_6 ;
    %wait E_0x55ea0a6d23d0;
    %load/vec4 v0x55ea0a6faa00_0;
    %assign/vec4 v0x55ea0a6f99e0_0, 0;
    %load/vec4 v0x55ea0a6fac70_0;
    %parti/s 8, 0, 2;
    %assign/vec4 v0x55ea0a6f9b50_0, 0;
    %load/vec4 v0x55ea0a6fac70_0;
    %parti/s 8, 8, 5;
    %assign/vec4 v0x55ea0a6f9cb0_0, 0;
    %load/vec4 v0x55ea0a6faa00_0;
    %ix/load 4, 0, 0;
    %ix/load 5, 0, 0;
    %flag_set/imm 4, 0;
    %assign/vec4/off/d v0x55ea0a6f9d80_0, 4, 5;
    %load/vec4 v0x55ea0a6faa00_0;
    %ix/load 4, 1, 0;
    %ix/load 5, 0, 0;
    %flag_set/imm 4, 0;
    %assign/vec4/off/d v0x55ea0a6f9d80_0, 4, 5;
    %load/vec4 v0x55ea0a6f9940_0;
    %ix/load 4, 2, 0;
    %ix/load 5, 0, 0;
    %flag_set/imm 4, 0;
    %assign/vec4/off/d v0x55ea0a6f9d80_0, 4, 5;
    %load/vec4 v0x55ea0a6faad0_0;
    %ix/load 4, 3, 0;
    %ix/load 5, 0, 0;
    %flag_set/imm 4, 0;
    %assign/vec4/off/d v0x55ea0a6f9d80_0, 4, 5;
    %load/vec4 v0x55ea0a6faba0_0;
    %ix/load 4, 4, 0;
    %ix/load 5, 0, 0;
    %flag_set/imm 4, 0;
    %assign/vec4/off/d v0x55ea0a6f9d80_0, 4, 5;
    %jmp T_6;
    .thread T_6;
# The file index is used to find the file name in the following table.
:file_names 5;
    "N/A";
    "<interactive>";
    "bmp_stuff.v";
    "./../lib/led_driver.v";
    "./spi_msg.v";
